<?xml version="1.0" encoding="UTF-8"?>
<!-- Generated by org.testng.reporters.JUnitXMLReporter -->
<testsuite ignored="0" hostname="MYS" failures="1" tests="8" name="Test" time="51.559" errors="0" timestamp="2025-06-28T18:58:13 IST">
  <testcase classname="testCases.TC001_AccountRegistrationTest" name="verifyAccountRegistration" time="3.669"/>
  <testcase classname="testCases.TC002_LoginTest" name="verifyLogin" time="1.176"/>
  <testcase classname="testCases.TC003_LoginDDT" name="verifyLoginDDT" time="1.395"/>
  <testcase classname="testCases.TC003_LoginDDT" name="verifyLoginDDT" time="1.12"/>
  <testcase classname="testCases.TC003_LoginDDT" name="verifyLoginDDT" time="10.497"/>
  <testcase classname="testCases.TC003_LoginDDT" name="verifyLoginDDT" time="10.79"/>
  <testcase classname="testCases.TC003_LoginDDT" name="verifyLoginDDT" time="1.614"/>
  <testcase classname="testCases.TC003_LoginDDT" name="verifyLoginDDT" time="10.765">
    <failure type="java.lang.AssertionError" message="expected [true] but found [false]">
      <![CDATA[java.lang.AssertionError: expected [true] but found [false]
at testCases.TC003_LoginDDT.verifyLoginDDT(TC003_LoginDDT.java:56)
at java.base/java.util.ArrayList.forEach(ArrayList.java:1604)
... Removed 33 stack frames]]>
    </failure>
  </testcase> <!-- verifyLoginDDT -->
</testsuite> <!-- Test -->
