<?xml version="1.0" encoding="UTF-8"?>
<!-- Generated by org.testng.reporters.JUnitXMLReporter -->
<testsuite ignored="0" hostname="MYS" failures="2" tests="8" name="Test" time="57.877" errors="0" timestamp="2025-06-21T20:55:51 IST">
  <testcase classname="testCases.TC001_AccountRegistrationTest" name="verifyAccountRegistration" time="4.466"/>
  <testcase classname="testCases.TC002_LoginTest" name="verifyLogin" time="2.165"/>
  <testcase classname="testCases.TC003_LoginDDT" name="verifyLoginDDT" time="2.259"/>
  <testcase classname="testCases.TC003_LoginDDT" name="verifyLoginDDT" time="2.316"/>
  <testcase classname="testCases.TC003_LoginDDT" name="verifyLoginDDT" time="11.135">
    <failure type="java.lang.AssertionError" message="expected [true] but found [false]">
      <![CDATA[java.lang.AssertionError: expected [true] but found [false]
at testCases.TC003_LoginDDT.verifyLoginDDT(TC003_LoginDDT.java:56)
at java.base/java.util.ArrayList.forEach(ArrayList.java:1596)
... Removed 29 stack frames]]>
    </failure>
  </testcase> <!-- verifyLoginDDT -->
  <testcase classname="testCases.TC003_LoginDDT" name="verifyLoginDDT" time="10.977"/>
  <testcase classname="testCases.TC003_LoginDDT" name="verifyLoginDDT" time="2.61"/>
  <testcase classname="testCases.TC003_LoginDDT" name="verifyLoginDDT" time="11.358">
    <failure type="java.lang.AssertionError" message="expected [true] but found [false]">
      <![CDATA[java.lang.AssertionError: expected [true] but found [false]
at testCases.TC003_LoginDDT.verifyLoginDDT(TC003_LoginDDT.java:56)
at java.base/java.util.ArrayList.forEach(ArrayList.java:1596)
... Removed 29 stack frames]]>
    </failure>
  </testcase> <!-- verifyLoginDDT -->
</testsuite> <!-- Test -->
