<?xml version="1.0" encoding="UTF-8"?>
<testsuite xmlns:xsi="http://www.w3.org/2001/XMLSchema-instance" xsi:noNamespaceSchemaLocation="https://maven.apache.org/surefire/maven-surefire-plugin/xsd/surefire-test-report.xsd" version="3.0.2" name="TestSuite" time="53.6" tests="8" errors="0" skipped="0" failures="1">
  <properties>
[...]
</properties>
  <testcase name="verifyAccountRegistration" classname="testCases.TC001_AccountRegistrationTest" time="3.679">
    <system-out><![CDATA[2025-06-28T13:27:21.051645600Z main INFO Starting configuration XmlConfiguration[location=C:\Users\mdyus\Documents\Java Testing\OpencartV121\target\test-classes\log4j2.xml, lastModified=2025-06-15T06:47:36.978Z]...
2025-06-28T13:27:21.054647Z main INFO Start watching for changes to C:\Users\mdyus\Documents\Java Testing\OpencartV121\target\test-classes\log4j2.xml every 0 seconds
2025-06-28T13:27:21.054647Z main INFO Configuration XmlConfiguration[location=C:\Users\mdyus\Documents\Java Testing\OpencartV121\target\test-classes\log4j2.xml, lastModified=2025-06-15T06:47:36.978Z] started.
2025-06-28T13:27:21.059666900Z main INFO Stopping configuration org.apache.logging.log4j.core.config.DefaultConfiguration@61a88b8c...
2025-06-28T13:27:21.060759300Z main INFO Configuration org.apache.logging.log4j.core.config.DefaultConfiguration@61a88b8c stopped.
2025-06-28 18:57:23.255 [main] INFO  testCases.TC001_AccountRegistrationTest - Starting TC_AccountRegistrationTest
2025-06-28 18:57:23.500 [main] INFO  testCases.TC001_AccountRegistrationTest - Clicked on My Account link
2025-06-28 18:57:23.852 [main] INFO  testCases.TC001_AccountRegistrationTest - Clicked on Register link
2025-06-28 18:57:23.855 [main] INFO  testCases.TC001_AccountRegistrationTest - Providing registration details
2025-06-28 18:57:26.472 [main] INFO  testCases.TC001_AccountRegistrationTest - Verifying confirmation message
2025-06-28 18:57:26.909 [main] DEBUG testCases.TC001_AccountRegistrationTest - Actual confirmation message: Your Account Has Been Created!
2025-06-28 18:57:26.912 [main] INFO  testCases.TC001_AccountRegistrationTest - *** Finished TC_AccountRegistrationTest ***
]]></system-out>
    <system-err><![CDATA[SLF4J(W): No SLF4J providers were found.
SLF4J(W): Defaulting to no-operation (NOP) logger implementation
SLF4J(W): See https://www.slf4j.org/codes.html#noProviders for further details.
SLF4J(W): Class path contains SLF4J bindings targeting slf4j-api versions 1.7.x or earlier.
SLF4J(W): Ignoring binding found at [jar:file:/C:/Users/mdyus/.m2/repository/org/apache/logging/log4j/log4j-slf4j-impl/2.24.3/log4j-slf4j-impl-2.24.3.jar!/org/slf4j/impl/StaticLoggerBinder.class]
SLF4J(W): See https://www.slf4j.org/codes.html#ignoredBindings for an explanation.
]]></system-err>
  </testcase>
  <testcase name="verifyLogin" classname="testCases.TC002_LoginTest" time="1.177">
    <system-out><![CDATA[2025-06-28 18:57:28.654 [main] INFO  testCases.TC002_LoginTest - *** Starting TC002_Login_Test ***
2025-06-28 18:57:28.929 [main] INFO  testCases.TC002_LoginTest - Clicked on My Account link
2025-06-28 18:57:29.231 [main] INFO  testCases.TC002_LoginTest - Clicked on Login link
2025-06-28 18:57:29.231 [main] INFO  testCases.TC002_LoginTest - Providing login details
2025-06-28 18:57:29.829 [main] INFO  testCases.TC002_LoginTest - *** Finished TC002_Login_Test ***
]]></system-out>
  </testcase>
  <testcase name="verifyLoginDDT[flvbq@email.com, 123456, Valid](1)" classname="testCases.TC003_LoginDDT" time="1.395">
    <system-out><![CDATA[2025-06-28 18:57:33.661 [main] DEBUG org.apache.poi.openxml4j.opc.PackageRelationshipCollection - Parsing relationship: /xl/_rels/workbook.xml.rels
2025-06-28 18:57:33.665 [main] DEBUG org.apache.poi.openxml4j.opc.PackageRelationshipCollection - Parsing relationship: /_rels/.rels
2025-06-28 18:57:34.463 [main] DEBUG org.apache.poi.openxml4j.opc.PackageRelationshipCollection - Parsing relationship: /xl/_rels/workbook.xml.rels
2025-06-28 18:57:34.463 [main] DEBUG org.apache.poi.openxml4j.opc.PackageRelationshipCollection - Parsing relationship: /_rels/.rels
2025-06-28 18:57:34.527 [main] DEBUG org.apache.poi.openxml4j.opc.PackageRelationshipCollection - Parsing relationship: /xl/_rels/workbook.xml.rels
2025-06-28 18:57:34.529 [main] DEBUG org.apache.poi.openxml4j.opc.PackageRelationshipCollection - Parsing relationship: /_rels/.rels
2025-06-28 18:57:34.593 [main] DEBUG org.apache.poi.openxml4j.opc.PackageRelationshipCollection - Parsing relationship: /xl/_rels/workbook.xml.rels
2025-06-28 18:57:34.596 [main] DEBUG org.apache.poi.openxml4j.opc.PackageRelationshipCollection - Parsing relationship: /_rels/.rels
2025-06-28 18:57:34.667 [main] DEBUG org.apache.poi.openxml4j.opc.PackageRelationshipCollection - Parsing relationship: /xl/_rels/workbook.xml.rels
2025-06-28 18:57:34.672 [main] DEBUG org.apache.poi.openxml4j.opc.PackageRelationshipCollection - Parsing relationship: /_rels/.rels
2025-06-28 18:57:34.716 [main] DEBUG org.apache.poi.openxml4j.opc.PackageRelationshipCollection - Parsing relationship: /xl/_rels/workbook.xml.rels
2025-06-28 18:57:34.719 [main] DEBUG org.apache.poi.openxml4j.opc.PackageRelationshipCollection - Parsing relationship: /_rels/.rels
2025-06-28 18:57:34.765 [main] DEBUG org.apache.poi.openxml4j.opc.PackageRelationshipCollection - Parsing relationship: /xl/_rels/workbook.xml.rels
2025-06-28 18:57:34.769 [main] DEBUG org.apache.poi.openxml4j.opc.PackageRelationshipCollection - Parsing relationship: /_rels/.rels
2025-06-28 18:57:34.809 [main] DEBUG org.apache.poi.openxml4j.opc.PackageRelationshipCollection - Parsing relationship: /xl/_rels/workbook.xml.rels
2025-06-28 18:57:34.809 [main] DEBUG org.apache.poi.openxml4j.opc.PackageRelationshipCollection - Parsing relationship: /_rels/.rels
2025-06-28 18:57:34.853 [main] DEBUG org.apache.poi.openxml4j.opc.PackageRelationshipCollection - Parsing relationship: /xl/_rels/workbook.xml.rels
2025-06-28 18:57:34.855 [main] DEBUG org.apache.poi.openxml4j.opc.PackageRelationshipCollection - Parsing relationship: /_rels/.rels
2025-06-28 18:57:34.894 [main] DEBUG org.apache.poi.openxml4j.opc.PackageRelationshipCollection - Parsing relationship: /xl/_rels/workbook.xml.rels
2025-06-28 18:57:34.899 [main] DEBUG org.apache.poi.openxml4j.opc.PackageRelationshipCollection - Parsing relationship: /_rels/.rels
2025-06-28 18:57:34.939 [main] DEBUG org.apache.poi.openxml4j.opc.PackageRelationshipCollection - Parsing relationship: /xl/_rels/workbook.xml.rels
2025-06-28 18:57:34.939 [main] DEBUG org.apache.poi.openxml4j.opc.PackageRelationshipCollection - Parsing relationship: /_rels/.rels
2025-06-28 18:57:34.969 [main] DEBUG org.apache.poi.openxml4j.opc.PackageRelationshipCollection - Parsing relationship: /xl/_rels/workbook.xml.rels
2025-06-28 18:57:34.969 [main] DEBUG org.apache.poi.openxml4j.opc.PackageRelationshipCollection - Parsing relationship: /_rels/.rels
2025-06-28 18:57:35.018 [main] DEBUG org.apache.poi.openxml4j.opc.PackageRelationshipCollection - Parsing relationship: /xl/_rels/workbook.xml.rels
2025-06-28 18:57:35.021 [main] DEBUG org.apache.poi.openxml4j.opc.PackageRelationshipCollection - Parsing relationship: /_rels/.rels
2025-06-28 18:57:35.043 [main] DEBUG org.apache.poi.openxml4j.opc.PackageRelationshipCollection - Parsing relationship: /xl/_rels/workbook.xml.rels
2025-06-28 18:57:35.046 [main] DEBUG org.apache.poi.openxml4j.opc.PackageRelationshipCollection - Parsing relationship: /_rels/.rels
2025-06-28 18:57:35.076 [main] DEBUG org.apache.poi.openxml4j.opc.PackageRelationshipCollection - Parsing relationship: /xl/_rels/workbook.xml.rels
2025-06-28 18:57:35.078 [main] DEBUG org.apache.poi.openxml4j.opc.PackageRelationshipCollection - Parsing relationship: /_rels/.rels
2025-06-28 18:57:35.099 [main] DEBUG org.apache.poi.openxml4j.opc.PackageRelationshipCollection - Parsing relationship: /xl/_rels/workbook.xml.rels
2025-06-28 18:57:35.101 [main] DEBUG org.apache.poi.openxml4j.opc.PackageRelationshipCollection - Parsing relationship: /_rels/.rels
2025-06-28 18:57:35.119 [main] DEBUG org.apache.poi.openxml4j.opc.PackageRelationshipCollection - Parsing relationship: /xl/_rels/workbook.xml.rels
2025-06-28 18:57:35.120 [main] DEBUG org.apache.poi.openxml4j.opc.PackageRelationshipCollection - Parsing relationship: /_rels/.rels
2025-06-28 18:57:35.138 [main] DEBUG org.apache.poi.openxml4j.opc.PackageRelationshipCollection - Parsing relationship: /xl/_rels/workbook.xml.rels
2025-06-28 18:57:35.139 [main] DEBUG org.apache.poi.openxml4j.opc.PackageRelationshipCollection - Parsing relationship: /_rels/.rels
2025-06-28 18:57:35.156 [main] DEBUG org.apache.poi.openxml4j.opc.PackageRelationshipCollection - Parsing relationship: /xl/_rels/workbook.xml.rels
2025-06-28 18:57:35.159 [main] DEBUG org.apache.poi.openxml4j.opc.PackageRelationshipCollection - Parsing relationship: /_rels/.rels
2025-06-28 18:57:35.172 [main] DEBUG org.apache.poi.openxml4j.opc.PackageRelationshipCollection - Parsing relationship: /xl/_rels/workbook.xml.rels
2025-06-28 18:57:35.172 [main] DEBUG org.apache.poi.openxml4j.opc.PackageRelationshipCollection - Parsing relationship: /_rels/.rels
2025-06-28 18:57:35.196 [main] INFO  testCases.TC003_LoginDDT - **** Starting TC003_LoginDDT  ***
Attempting to click Logout...
Logout clicked successfully.
2025-06-28 18:57:36.587 [main] INFO  testCases.TC003_LoginDDT - **** Test completed for TC003_LoginDDT  ***
]]></system-out>
  </testcase>
  <testcase name="verifyLoginDDT[ofjxx@email.com, 123456, Valid](2)" classname="testCases.TC003_LoginDDT" time="1.12">
    <system-out><![CDATA[2025-06-28 18:57:36.589 [main] INFO  testCases.TC003_LoginDDT - **** Starting TC003_LoginDDT  ***
Attempting to click Logout...
Logout clicked successfully.
2025-06-28 18:57:37.709 [main] INFO  testCases.TC003_LoginDDT - **** Test completed for TC003_LoginDDT  ***
]]></system-out>
  </testcase>
  <testcase name="verifyLoginDDT[ganmb@email.com, 123456, Invalid](3)" classname="testCases.TC003_LoginDDT" time="10.498">
    <system-out><![CDATA[2025-06-28 18:57:37.709 [main] INFO  testCases.TC003_LoginDDT - **** Starting TC003_LoginDDT  ***
2025-06-28 18:57:48.205 [main] INFO  testCases.TC003_LoginDDT - **** Test completed for TC003_LoginDDT  ***
]]></system-out>
  </testcase>
  <testcase name="verifyLoginDDT[zvvbi@email.com, 123456, Invalid](4)" classname="testCases.TC003_LoginDDT" time="10.791">
    <system-out><![CDATA[2025-06-28 18:57:48.207 [main] INFO  testCases.TC003_LoginDDT - **** Starting TC003_LoginDDT  ***
2025-06-28 18:57:58.997 [main] INFO  testCases.TC003_LoginDDT - **** Test completed for TC003_LoginDDT  ***
]]></system-out>
  </testcase>
  <testcase name="verifyLoginDDT[ucrxa@email.com, 123456, Valid](5)" classname="testCases.TC003_LoginDDT" time="1.615">
    <system-out><![CDATA[2025-06-28 18:57:58.999 [main] INFO  testCases.TC003_LoginDDT - **** Starting TC003_LoginDDT  ***
Attempting to click Logout...
Logout clicked successfully.
2025-06-28 18:58:00.613 [main] INFO  testCases.TC003_LoginDDT - **** Test completed for TC003_LoginDDT  ***
]]></system-out>
  </testcase>
  <testcase name="verifyLoginDDT[, 123456, Valid](6)" classname="testCases.TC003_LoginDDT" time="11.143">
    <failure message="expected [true] but found [false]" type="java.lang.AssertionError"><![CDATA[java.lang.AssertionError: expected [true] but found [false]
	at org.testng.Assert.fail(Assert.java:111)
	at org.testng.Assert.failNotEquals(Assert.java:1590)
	at org.testng.Assert.assertTrue(Assert.java:57)
	at org.testng.Assert.assertTrue(Assert.java:67)
	at testCases.TC003_LoginDDT.verifyLoginDDT(TC003_LoginDDT.java:56)
	at java.base/jdk.internal.reflect.DirectMethodHandleAccessor.invoke(DirectMethodHandleAccessor.java:104)
	at java.base/java.lang.reflect.Method.invoke(Method.java:565)
	at org.testng.internal.invokers.MethodInvocationHelper.invokeMethod(MethodInvocationHelper.java:141)
	at org.testng.internal.invokers.TestInvoker.invokeMethod(TestInvoker.java:687)
	at org.testng.internal.invokers.TestInvoker.invokeTestMethod(TestInvoker.java:230)
	at org.testng.internal.invokers.MethodRunner.runInSequence(MethodRunner.java:63)
	at org.testng.internal.invokers.TestInvoker$MethodInvocationAgent.invoke(TestInvoker.java:995)
	at org.testng.internal.invokers.TestInvoker.invokeTestMethods(TestInvoker.java:203)
	at org.testng.internal.invokers.TestMethodWorker.invokeTestMethods(TestMethodWorker.java:154)
	at org.testng.internal.invokers.TestMethodWorker.run(TestMethodWorker.java:134)
	at java.base/java.util.ArrayList.forEach(ArrayList.java:1604)
	at org.testng.TestRunner.privateRun(TestRunner.java:741)
	at org.testng.TestRunner.run(TestRunner.java:616)
	at org.testng.SuiteRunner.runTest(SuiteRunner.java:421)
	at org.testng.SuiteRunner.runSequentially(SuiteRunner.java:413)
	at org.testng.SuiteRunner.privateRun(SuiteRunner.java:373)
	at org.testng.SuiteRunner.run(SuiteRunner.java:312)
	at org.testng.SuiteRunnerWorker.runSuite(SuiteRunnerWorker.java:52)
	at org.testng.SuiteRunnerWorker.run(SuiteRunnerWorker.java:95)
	at org.testng.TestNG.runSuitesSequentially(TestNG.java:1274)
	at org.testng.TestNG.runSuitesLocally(TestNG.java:1208)
	at org.testng.TestNG.runSuites(TestNG.java:1112)
	at org.testng.TestNG.run(TestNG.java:1079)
	at org.apache.maven.surefire.testng.TestNGExecutor.run(TestNGExecutor.java:308)
	at org.apache.maven.surefire.testng.TestNGXmlTestSuite.execute(TestNGXmlTestSuite.java:71)
	at org.apache.maven.surefire.testng.TestNGProvider.invoke(TestNGProvider.java:113)
	at org.apache.maven.surefire.booter.ForkedBooter.runSuitesInProcess(ForkedBooter.java:385)
	at org.apache.maven.surefire.booter.ForkedBooter.execute(ForkedBooter.java:162)
	at org.apache.maven.surefire.booter.ForkedBooter.run(ForkedBooter.java:507)
	at org.apache.maven.surefire.booter.ForkedBooter.main(ForkedBooter.java:495)
]]></failure>
    <system-out><![CDATA[2025-06-28 18:58:00.615 [main] INFO  testCases.TC003_LoginDDT - **** Starting TC003_LoginDDT  ***
]]></system-out>
  </testcase>
</testsuite>