<?xml version="1.0" encoding="UTF-8"?>
<!-- Generated by org.testng.reporters.JUnitReportReporter -->
<testsuite hostname="MYS" failures="0" tests="2" name="testCases.TC001_AccountRegistrationTest" time="10.553" errors="0" timestamp="2025-06-22T16:13:59 IST" skipped="0">
  <testcase classname="testCases.TC001_AccountRegistrationTest" name="verifyAccountRegistration" time="5.781"/>
  <testcase classname="testCases.TC001_AccountRegistrationTest" name="verifyAccountRegistration" time="4.772"/>
</testsuite> <!-- testCases.TC001_AccountRegistrationTest -->
